
Showing logs for build [32mvivekthangathurai-go-jenkins-x-hbccl-1[0m stage [32mfrom-build-pack[0m and container [32mstep-credential-initializer-k55p4[0m
{"level":"info","ts":1589964006.8249059,"logger":"fallback-logger","caller":"logging/config.go:69","msg":"Fetch GitHub commit ID from kodata failed: open /var/run/ko/refs/heads/0.8.0-ns-support: no such file or directory"}
{"level":"info","ts":1589964006.8254583,"logger":"fallback-logger","caller":"creds-init/main.go:40","msg":"Credentials initialized."}

Showing logs for build [32mvivekthangathurai-go-jenkins-x-hbccl-1[0m stage [32mfrom-build-pack[0m and container [32mstep-working-dir-initializer-jgxqp[0m
{"level":"info","ts":1589964007.744481,"logger":"fallback-logger","caller":"logging/config.go:69","msg":"Fetch GitHub commit ID from kodata failed: open /var/run/ko/HEAD: no such file or directory"}
{"level":"info","ts":1589964007.745758,"logger":"fallback-logger","caller":"bash/main.go:64","msg":"Successfully executed command \"sh -c mkdir -p /workspace/source\"; output "}

Showing logs for build [32mvivekthangathurai-go-jenkins-x-hbccl-1[0m stage [32mfrom-build-pack[0m and container [32mstep-place-tools[0m

Showing logs for build [32mvivekthangathurai-go-jenkins-x-hbccl-1[0m stage [32mfrom-build-pack[0m and container [32mstep-git-source-vivekthangathurai-go-jenkins-x-hbccl-rh597[0m
{"level":"info","ts":1589964013.8160655,"logger":"fallback-logger","caller":"logging/config.go:69","msg":"Fetch GitHub commit ID from kodata failed: open /var/run/ko/refs/heads/0.8.0-ns-support: no such file or directory"}
{"level":"info","ts":1589964014.2920296,"logger":"fallback-logger","caller":"git/git.go:103","msg":"Successfully cloned https://github.com/*****************/go-jenkins-x.git @ master in path /workspace/source"}

Showing logs for build [32mvivekthangathurai-go-jenkins-x-hbccl-1[0m stage [32mfrom-build-pack[0m and container [32mstep-git-merge[0m
Using SHAs from PULL_REFS=master:5f1f69c7fc4f608c12d1b12e1ad4c5286b36a7f5,1:4349c2c24c830ca7d3aff8d1604a0a78c718042a
DEBUG: LC_ALL=C JX_LOG_LEVEL=error git fetch origin --unshallow 4349c2c24c830ca7d3aff8d1604a0a78c718042a: 5f1f69c7fc4f608c12d1b12e1ad4c5286b36a7f5:
DEBUG: ran git fetch --unshallow origin 4349c2c24c830ca7d3aff8d1604a0a78c718042a: 5f1f69c7fc4f608c12d1b12e1ad4c5286b36a7f5: in 
DEBUG: LC_ALL=C JX_LOG_LEVEL=error git branch
DEBUG: LC_ALL=C JX_LOG_LEVEL=error git checkout master
DEBUG: ran git checkout master in 
DEBUG: LC_ALL=C JX_LOG_LEVEL=error git reset --hard 5f1f69c7fc4f608c12d1b12e1ad4c5286b36a7f5
DEBUG: ran git reset --hard 5f1f69c7fc4f608c12d1b12e1ad4c5286b36a7f5 in 
DEBUG: LC_ALL=C JX_LOG_LEVEL=error git clean -fd .
DEBUG: ran clean --force -d . in 
DEBUG: LC_ALL=C JX_LOG_LEVEL=error git merge 4349c2c24c830ca7d3aff8d1604a0a78c718042a
DEBUG: ran git merge 4349c2c24c830ca7d3aff8d1604a0a78c718042a in 
DEBUG: LC_ALL=C JX_LOG_LEVEL=error git log --format=%H%x1f%an%x1f%ae%x1f%cn%x1f%ce%x1f%s%n%b%x1e 5f1f69c7fc4f608c12d1b12e1ad4c5286b36a7f5..HEAD
Merged SHA 4349c2c24c830ca7d3aff8d1604a0a78c718042a with commit message 'test' into base branch master

Showing logs for build [32mvivekthangathurai-go-jenkins-x-hbccl-1[0m stage [32mfrom-build-pack[0m and container [32mstep-build-make-linux[0m
CGO_ENABLED=0 GOOS=linux GOARCH=amd64 GO15VENDOREXPERIMENT=1 go build -ldflags '' -o bin/go-jenkins-x main.go

Showing logs for build [32mvivekthangathurai-go-jenkins-x-hbccl-1[0m stage [32mfrom-build-pack[0m and container [32mstep-build-container-build[0m
E0520 08:40:37.341676      10 aws_credentials.go:77] while getting AWS credentials NoCredentialProviders: no valid providers in chain. Deprecated.
	For verbose messaging see aws.Config.CredentialsChainVerboseErrors
[36mINFO[0m[0000] Using dockerignore file: /workspace/source/.dockerignore 
[36mINFO[0m[0000] No base image, nothing to extract            
[36mINFO[0m[0000] Built cross stage deps: map[]                
[36mINFO[0m[0000] No base image, nothing to extract            
[36mINFO[0m[0000] Executing 0 build triggers                   
[36mINFO[0m[0000] cmd: EXPOSE                                  
[36mINFO[0m[0000] Adding exposed port: 8080/tcp                
[36mINFO[0m[0000] Checking for cached layer gcr.io/jenkinsx-277315/cache:e10928b05965901eb4db9de6d2d5fd2aad2a4f90b6eba3b3ce153ac88ed05e98... 
[36mINFO[0m[0001] No cached layer found for cmd COPY ./bin/ /  
[36mINFO[0m[0001] Unpacking rootfs as cmd COPY ./bin/ / requires it. 
[36mINFO[0m[0001] EXPOSE 8080                                  
[36mINFO[0m[0001] cmd: EXPOSE                                  
[36mINFO[0m[0001] Adding exposed port: 8080/tcp                
[36mINFO[0m[0001] No files changed in this command, skipping snapshotting. 
[36mINFO[0m[0001] ENTRYPOINT ["/go-jenkins-x"]                 
[36mINFO[0m[0001] No files changed in this command, skipping snapshotting. 
[36mINFO[0m[0001] COPY ./bin/ /                                
[36mINFO[0m[0001] Resolving 2 paths                            
[36mINFO[0m[0001] Taking snapshot of files...                  
[36mINFO[0m[0001] Pushing layer gcr.io/jenkinsx-277315/cache:e10928b05965901eb4db9de6d2d5fd2aad2a4f90b6eba3b3ce153ac88ed05e98 to cache now 

Showing logs for build [32mvivekthangathurai-go-jenkins-x-hbccl-1[0m stage [32mfrom-build-pack[0m and container [32mstep-postbuild-post-build[0m
no CVE provider running in the current ** namespace so skip adding image to be analysed

Showing logs for build [32mvivekthangathurai-go-jenkins-x-hbccl-1[0m stage [32mfrom-build-pack[0m and container [32mstep-promote-make-preview[0m
sed -i -e "s/version:.*/version: 0.0.0-SNAPSHOT-PR-1-1/" Chart.yaml
sed -i -e "s/version:.*/version: 0.0.0-SNAPSHOT-PR-1-1/" ../*/Chart.yaml
sed -i -e "s|repository:.*|repository: gcr.io\/futureci\/go-jenkins-x|" values.yaml
sed -i -e "s/tag:.*/tag: 0.0.0-SNAPSHOT-PR-1-1/" values.yaml
echo "  version: 0.0.0-SNAPSHOT-PR-1-1" >> requirements.yaml
** step helm build
WARNING: No $CHART_REPOSITORY defined so using the default value of: http://jenkins-x-chartmuseum:8080
Adding missing Helm repo: storage.googleapis.com https://storage.googleapis.com/chartmuseum.jenkins-x.io
Successfully added Helm repository storage.googleapis.com.
Adding missing Helm repo: jenkins-x-chartmuseum http://jenkins-x-chartmuseum:8080
Successfully added Helm repository jenkins-x-chartmuseum.
WARNING: No $CHART_REPOSITORY defined so using the default value of: http://jenkins-x-chartmuseum:8080
Adding missing Helm repo: chartmuseum.jenkins-x.io http://chartmuseum.jenkins-x.io
Successfully added Helm repository chartmuseum.jenkins-x.io.

Showing logs for build [32mvivekthangathurai-go-jenkins-x-hbccl-1[0m stage [32mfrom-build-pack[0m and container [32mstep-promote-jx-preview[0m
Creating a preview
Found commit author match for: ***************** with email address: vivek.thangathurai@appdirect.com
Created environment *****************-go-jenkins-x-pr-1
Namespace **-*****************-go-jenkins-x-pr-1 created 
expose:
  Annotations:
    helm.sh/hook: post-install,post-upgrade
    helm.sh/hook-delete-policy: hook-succeeded
  config:
    domain: 34.66.184.190.nip.io
    exposer: Ingress
    http: "true"
preview:
  image:
    repository: gcr.io/jenkinsx-277315/go-jenkins-x
    tag: 0.0.0-SNAPSHOT-PR-1-1

Updating PipelineActivities *****************-go-jenkins-x-pr-1-1 which has status Running
WARNING: preview application http://go-jenkins-x.**-*****************-go-jenkins-x-pr-1.34.66.184.190.nip.io not available, error was 503 503 Service Temporarily Unavailable, delaying for: 1.023820306s
WARNING: preview application http://go-jenkins-x.**-*****************-go-jenkins-x-pr-1.34.66.184.190.nip.io not available, error was 503 503 Service Temporarily Unavailable, delaying for: 1.660880159s
WARNING: preview application http://go-jenkins-x.**-*****************-go-jenkins-x-pr-1.34.66.184.190.nip.io not available, error was 503 503 Service Temporarily Unavailable, delaying for: 2.463319345s
WARNING: preview application http://go-jenkins-x.**-*****************-go-jenkins-x-pr-1.34.66.184.190.nip.io not available, error was 503 503 Service Temporarily Unavailable, delaying for: 2.705139048s
WARNING: preview application http://go-jenkins-x.**-*****************-go-jenkins-x-pr-1.34.66.184.190.nip.io not available, error was 503 503 Service Temporarily Unavailable, delaying for: 5.286037588s
WARNING: preview application http://go-jenkins-x.**-*****************-go-jenkins-x-pr-1.34.66.184.190.nip.io not available, error was 503 503 Service Temporarily Unavailable, delaying for: 7.826010276s
WARNING: preview application http://go-jenkins-x.**-*****************-go-jenkins-x-pr-1.34.66.184.190.nip.io not available, error was 503 503 Service Temporarily Unavailable, delaying for: 14.67801536s
WARNING: preview application http://go-jenkins-x.**-*****************-go-jenkins-x-pr-1.34.66.184.190.nip.io not available, error was 503 503 Service Temporarily Unavailable, delaying for: 13.619410266s
WARNING: preview application http://go-jenkins-x.**-*****************-go-jenkins-x-pr-1.34.66.184.190.nip.io not available, error was 503 503 Service Temporarily Unavailable, delaying for: 37.851763965s
WARNING: preview application http://go-jenkins-x.**-*****************-go-jenkins-x-pr-1.34.66.184.190.nip.io not available, error was 503 503 Service Temporarily Unavailable, delaying for: 45.404618014s
WARNING: preview application http://go-jenkins-x.**-*****************-go-jenkins-x-pr-1.34.66.184.190.nip.io not available, error was 503 503 Service Temporarily Unavailable, delaying for: 1m22.625145271s
WARNING: preview application http://go-jenkins-x.**-*****************-go-jenkins-x-pr-1.34.66.184.190.nip.io not available, error was 503 503 Service Temporarily Unavailable, delaying for: 1m13.813888638s
WARNING: preview application http://go-jenkins-x.**-*****************-go-jenkins-x-pr-1.34.66.184.190.nip.io not available, error was 503 503 Service Temporarily Unavailable, delaying for: 1m23.819517454s
error: error checking if preview application http://go-jenkins-x.**-*****************-go-jenkins-x-pr-1.34.66.184.190.nip.io is available: preview application http://go-jenkins-x.**-*****************-go-jenkins-x-pr-1.34.66.184.190.nip.io not available, error was 503 503 Service Temporarily Unavailable
[31m
Pipeline failed on stage 'from-build-pack' : container 'step-promote-jx-preview'. The execution of the pipeline has stopped.[0m
