
Showing logs for build [32mvivekthangathurai-go-jenkins-x-hkpd9-2[0m stage [32mfrom-build-pack[0m and container [32mstep-credential-initializer-pwblm[0m
{"level":"info","ts":1589964546.6430917,"logger":"fallback-logger","caller":"logging/config.go:69","msg":"Fetch GitHub commit ID from kodata failed: open /var/run/ko/refs/heads/0.8.0-ns-support: no such file or directory"}
{"level":"info","ts":1589964546.643718,"logger":"fallback-logger","caller":"creds-init/main.go:40","msg":"Credentials initialized."}

Showing logs for build [32mvivekthangathurai-go-jenkins-x-hkpd9-2[0m stage [32mfrom-build-pack[0m and container [32mstep-working-dir-initializer-smbwp[0m
{"level":"info","ts":1589964547.64216,"logger":"fallback-logger","caller":"logging/config.go:69","msg":"Fetch GitHub commit ID from kodata failed: open /var/run/ko/HEAD: no such file or directory"}
{"level":"info","ts":1589964547.6435983,"logger":"fallback-logger","caller":"bash/main.go:64","msg":"Successfully executed command \"sh -c mkdir -p /workspace/source\"; output "}

Showing logs for build [32mvivekthangathurai-go-jenkins-x-hkpd9-2[0m stage [32mfrom-build-pack[0m and container [32mstep-place-tools[0m

Showing logs for build [32mvivekthangathurai-go-jenkins-x-hkpd9-2[0m stage [32mfrom-build-pack[0m and container [32mstep-git-source-vivekthangathurai-go-jenkins-x-hkpd9-8dr5v[0m
{"level":"info","ts":1589964553.7936935,"logger":"fallback-logger","caller":"logging/config.go:69","msg":"Fetch GitHub commit ID from kodata failed: open /var/run/ko/refs/heads/0.8.0-ns-support: no such file or directory"}
{"level":"info","ts":1589964554.2711725,"logger":"fallback-logger","caller":"git/git.go:103","msg":"Successfully cloned https://github.com/*****************/go-jenkins-x.git @ master in path /workspace/source"}

Showing logs for build [32mvivekthangathurai-go-jenkins-x-hkpd9-2[0m stage [32mfrom-build-pack[0m and container [32mstep-git-merge[0m
Using SHAs from PULL_REFS=master:5f1f69c7fc4f608c12d1b12e1ad4c5286b36a7f5,1:9c88ec48d19264f308a746628707f0b73f174520
DEBUG: JX_LOG_LEVEL=error LC_ALL=C git fetch origin --unshallow 9c88ec48d19264f308a746628707f0b73f174520: 5f1f69c7fc4f608c12d1b12e1ad4c5286b36a7f5:
DEBUG: ran git fetch --unshallow origin 9c88ec48d19264f308a746628707f0b73f174520: 5f1f69c7fc4f608c12d1b12e1ad4c5286b36a7f5: in 
DEBUG: LC_ALL=C JX_LOG_LEVEL=error git branch
DEBUG: LC_ALL=C JX_LOG_LEVEL=error git checkout master
DEBUG: ran git checkout master in 
DEBUG: LC_ALL=C JX_LOG_LEVEL=error git reset --hard 5f1f69c7fc4f608c12d1b12e1ad4c5286b36a7f5
DEBUG: ran git reset --hard 5f1f69c7fc4f608c12d1b12e1ad4c5286b36a7f5 in 
DEBUG: LC_ALL=C JX_LOG_LEVEL=error git clean -fd .
DEBUG: ran clean --force -d . in 
DEBUG: LC_ALL=C JX_LOG_LEVEL=error git merge 9c88ec48d19264f308a746628707f0b73f174520
DEBUG: ran git merge 9c88ec48d19264f308a746628707f0b73f174520 in 
DEBUG: LC_ALL=C JX_LOG_LEVEL=error git log --format=%H%x1f%an%x1f%ae%x1f%cn%x1f%ce%x1f%s%n%b%x1e 5f1f69c7fc4f608c12d1b12e1ad4c5286b36a7f5..HEAD
Merged SHA 9c88ec48d19264f308a746628707f0b73f174520 with commit message 'test' into base branch master

Showing logs for build [32mvivekthangathurai-go-jenkins-x-hkpd9-2[0m stage [32mfrom-build-pack[0m and container [32mstep-build-make-linux[0m
CGO_ENABLED=0 GOOS=linux GOARCH=amd64 GO15VENDOREXPERIMENT=1 go build -ldflags '' -o bin/go-jenkins-x main.go

Showing logs for build [32mvivekthangathurai-go-jenkins-x-hkpd9-2[0m stage [32mfrom-build-pack[0m and container [32mstep-build-container-build[0m
E0520 08:49:27.394624      10 aws_credentials.go:77] while getting AWS credentials NoCredentialProviders: no valid providers in chain. Deprecated.
	For verbose messaging see aws.Config.CredentialsChainVerboseErrors
[36mINFO[0m[0000] Using dockerignore file: /workspace/source/.dockerignore 
[36mINFO[0m[0000] No base image, nothing to extract            
[36mINFO[0m[0000] Built cross stage deps: map[]                
[36mINFO[0m[0000] No base image, nothing to extract            
[36mINFO[0m[0000] Executing 0 build triggers                   
[36mINFO[0m[0000] cmd: EXPOSE                                  
[36mINFO[0m[0000] Adding exposed port: 8080/tcp                
[36mINFO[0m[0000] Checking for cached layer gcr.io/jenkinsx-277315/cache:e10928b05965901eb4db9de6d2d5fd2aad2a4f90b6eba3b3ce153ac88ed05e98... 
[36mINFO[0m[0001] Using caching version of cmd: COPY ./bin/ /  
[36mINFO[0m[0001] Skipping unpacking as no commands require it. 
[36mINFO[0m[0001] EXPOSE 8080                                  
[36mINFO[0m[0001] cmd: EXPOSE                                  
[36mINFO[0m[0001] Adding exposed port: 8080/tcp                
[36mINFO[0m[0001] No files changed in this command, skipping snapshotting. 
[36mINFO[0m[0001] ENTRYPOINT ["/go-jenkins-x"]                 
[36mINFO[0m[0001] No files changed in this command, skipping snapshotting. 
[36mINFO[0m[0001] COPY ./bin/ /                                
[36mINFO[0m[0001] Found cached layer, extracting to filesystem 

Showing logs for build [32mvivekthangathurai-go-jenkins-x-hkpd9-2[0m stage [32mfrom-build-pack[0m and container [32mstep-postbuild-post-build[0m
no CVE provider running in the current ** namespace so skip adding image to be analysed

Showing logs for build [32mvivekthangathurai-go-jenkins-x-hkpd9-2[0m stage [32mfrom-build-pack[0m and container [32mstep-promote-make-preview[0m
sed -i -e "s/version:.*/version: 0.0.0-SNAPSHOT-PR-1-2/" Chart.yaml
sed -i -e "s/version:.*/version: 0.0.0-SNAPSHOT-PR-1-2/" ../*/Chart.yaml
sed -i -e "s|repository:.*|repository: gcr.io\/jenkinsx-277315\/go-jenkins-x|" values.yaml
sed -i -e "s/tag:.*/tag: 0.0.0-SNAPSHOT-PR-1-2/" values.yaml
echo "  version: 0.0.0-SNAPSHOT-PR-1-2" >> requirements.yaml
** step helm build
WARNING: No $CHART_REPOSITORY defined so using the default value of: http://jenkins-x-chartmuseum:8080
Adding missing Helm repo: storage.googleapis.com https://storage.googleapis.com/chartmuseum.jenkins-x.io
Successfully added Helm repository storage.googleapis.com.
Adding missing Helm repo: jenkins-x-chartmuseum http://jenkins-x-chartmuseum:8080
Successfully added Helm repository jenkins-x-chartmuseum.
WARNING: No $CHART_REPOSITORY defined so using the default value of: http://jenkins-x-chartmuseum:8080
Adding missing Helm repo: chartmuseum.jenkins-x.io http://chartmuseum.jenkins-x.io
Successfully added Helm repository chartmuseum.jenkins-x.io.

Showing logs for build [32mvivekthangathurai-go-jenkins-x-hkpd9-2[0m stage [32mfrom-build-pack[0m and container [32mstep-promote-jx-preview[0m
Creating a preview
Found commit author match for: ***************** with email address: vivek.thangathurai@appdirect.com
expose:
  Annotations:
    helm.sh/hook: post-install,post-upgrade
    helm.sh/hook-delete-policy: hook-succeeded
  config:
    domain: 34.66.184.190.nip.io
    exposer: Ingress
    http: "true"
preview:
  image:
    repository: gcr.io/jenkinsx-277315/go-jenkins-x
    tag: 0.0.0-SNAPSHOT-PR-1-2

Updating PipelineActivities *****************-go-jenkins-x-pr-1-2 which has status Running
WARNING: preview application http://go-jenkins-x.**-*****************-go-jenkins-x-pr-1.34.66.184.190.nip.io not available, error was 503 503 Service Temporarily Unavailable, delaying for: 1.023820306s
WARNING: preview application http://go-jenkins-x.**-*****************-go-jenkins-x-pr-1.34.66.184.190.nip.io not available, error was 503 503 Service Temporarily Unavailable, delaying for: 1.660880159s
WARNING: preview application http://go-jenkins-x.**-*****************-go-jenkins-x-pr-1.34.66.184.190.nip.io not available, error was 503 503 Service Temporarily Unavailable, delaying for: 2.463319345s
Preview application is now available at: http://go-jenkins-x.**-*****************-go-jenkins-x-pr-1.34.66.184.190.nip.io
